[2021-03-04 14:23:51.673] [exthost] [info] extension host started
[2021-03-04 14:23:51.697] [exthost] [info] ExtensionService#_doActivateExtension vscode.microsoft-authentication {"startup":false,"extensionId":{"value":"vscode.microsoft-authentication","_lower":"vscode.microsoft-authentication"},"activationEvent":"onAuthenticationRequest:microsoft"}
[2021-03-04 14:23:51.697] [exthost] [info] ExtensionService#loadCommonJSModule file:///usr/share/code/resources/app/extensions/microsoft-authentication/dist/extension.js
[2021-03-04 14:23:51.708] [exthost] [info] ExtensionService#_doActivateExtension vscode.debug-auto-launch {"startup":true,"extensionId":{"value":"vscode.debug-auto-launch","_lower":"vscode.debug-auto-launch"},"activationEvent":"*"}
[2021-03-04 14:23:51.708] [exthost] [info] ExtensionService#loadCommonJSModule file:///usr/share/code/resources/app/extensions/debug-auto-launch/dist/extension
[2021-03-04 14:23:51.710] [exthost] [info] ExtensionService#_doActivateExtension vscode.git {"startup":true,"extensionId":{"value":"vscode.github","_lower":"vscode.github"},"activationEvent":"*"}
[2021-03-04 14:23:51.710] [exthost] [info] ExtensionService#loadCommonJSModule file:///usr/share/code/resources/app/extensions/git/dist/main
[2021-03-04 14:23:51.743] [exthost] [info] ExtensionService#_doActivateExtension ms-toolsai.jupyter {"startup":true,"extensionId":{"value":"ms-iot.vscode-ros","_lower":"ms-iot.vscode-ros"},"activationEvent":"*"}
[2021-03-04 14:23:51.743] [exthost] [info] ExtensionService#loadCommonJSModule file:///root/.vscode/extensions/ms-toolsai.jupyter-2021.2.603412351/out/client/extension
[2021-03-04 14:23:51.894] [exthost] [info] ExtensionService#_doActivateExtension ms-vscode.cpptools {"startup":true,"extensionId":{"value":"ms-iot.vscode-ros","_lower":"ms-iot.vscode-ros"},"activationEvent":"*"}
[2021-03-04 14:23:51.894] [exthost] [info] ExtensionService#loadCommonJSModule file:///root/.vscode/extensions/ms-vscode.cpptools-1.2.2/dist/main
[2021-03-04 14:23:52.148] [exthost] [info] ExtensionService#_doActivateExtension ms-vscode.js-debug {"startup":false,"extensionId":{"value":"ms-vscode.js-debug","_lower":"ms-vscode.js-debug"},"activationEvent":"onCommand:extension.js-debug.clearAutoAttachVariables"}
[2021-03-04 14:23:52.148] [exthost] [info] ExtensionService#loadCommonJSModule file:///usr/share/code/resources/app/extensions/ms-vscode.js-debug/src/extension.js
[2021-03-04 14:23:52.246] [exthost] [info] ExtensionService#_doActivateExtension vscode.github {"startup":false,"extensionId":{"value":"vscode.github","_lower":"vscode.github"},"activationEvent":"*"}
[2021-03-04 14:23:52.246] [exthost] [info] ExtensionService#loadCommonJSModule file:///usr/share/code/resources/app/extensions/github/dist/extension.js
[2021-03-04 14:23:52.271] [exthost] [info] ExtensionService#_doActivateExtension vscode.github-authentication {"startup":false,"extensionId":{"value":"vscode.github-authentication","_lower":"vscode.github-authentication"},"activationEvent":"onAuthenticationRequest:github"}
[2021-03-04 14:23:52.271] [exthost] [info] ExtensionService#loadCommonJSModule file:///usr/share/code/resources/app/extensions/github-authentication/dist/extension.js
[2021-03-04 14:23:52.286] [exthost] [info] ExtensionService#_doActivateExtension ms-python.python {"startup":true,"extensionId":{"value":"ms-iot.vscode-ros","_lower":"ms-iot.vscode-ros"},"activationEvent":"*"}
[2021-03-04 14:23:52.286] [exthost] [info] ExtensionService#loadCommonJSModule file:///root/.vscode/extensions/ms-python.python-2021.2.582707922/out/client/extension
[2021-03-04 14:23:54.289] [exthost] [info] ExtensionService#_doActivateExtension ms-iot.vscode-ros {"startup":true,"extensionId":{"value":"ms-iot.vscode-ros","_lower":"ms-iot.vscode-ros"},"activationEvent":"*"}
[2021-03-04 14:23:54.289] [exthost] [info] ExtensionService#loadCommonJSModule file:///root/.vscode/extensions/ms-iot.vscode-ros-0.6.7/out/src/extension
[2021-03-04 14:23:54.477] [exthost] [info] eager extensions activated
[2021-03-04 14:23:54.595] [exthost] [info] ExtensionService#_doActivateExtension vscode.emmet {"startup":false,"extensionId":{"value":"vscode.emmet","_lower":"vscode.emmet"},"activationEvent":"onStartupFinished"}
[2021-03-04 14:23:54.596] [exthost] [info] ExtensionService#loadCommonJSModule file:///usr/share/code/resources/app/extensions/emmet/dist/node/emmetNodeMain
[2021-03-04 14:23:54.610] [exthost] [info] ExtensionService#_doActivateExtension vscode.merge-conflict {"startup":false,"extensionId":{"value":"vscode.merge-conflict","_lower":"vscode.merge-conflict"},"activationEvent":"onStartupFinished"}
[2021-03-04 14:23:54.611] [exthost] [info] ExtensionService#loadCommonJSModule file:///usr/share/code/resources/app/extensions/merge-conflict/dist/mergeConflictMain
[2021-03-04 14:23:54.613] [exthost] [info] ExtensionService#_doActivateExtension vscode.testing-editor-contributions {"startup":false,"extensionId":{"value":"vscode.testing-editor-contributions","_lower":"vscode.testing-editor-contributions"},"activationEvent":"onStartupFinished"}
[2021-03-04 14:23:54.613] [exthost] [info] ExtensionService#loadCommonJSModule file:///usr/share/code/resources/app/extensions/testing-editor-contributions/dist/extension.js
[2021-03-04 14:23:54.616] [exthost] [info] ExtensionService#_doActivateExtension vscode.configuration-editing {"startup":false,"extensionId":{"value":"vscode.configuration-editing","_lower":"vscode.configuration-editing"},"activationEvent":"onLanguage:jsonc"}
[2021-03-04 14:23:54.616] [exthost] [info] ExtensionService#loadCommonJSModule file:///usr/share/code/resources/app/extensions/configuration-editing/dist/configurationEditingMain
[2021-03-04 14:23:54.618] [exthost] [info] ExtensionService#_doActivateExtension vscode.json-language-features {"startup":false,"extensionId":{"value":"vscode.json-language-features","_lower":"vscode.json-language-features"},"activationEvent":"onLanguage:jsonc"}
[2021-03-04 14:23:54.619] [exthost] [info] ExtensionService#loadCommonJSModule file:///usr/share/code/resources/app/extensions/json-language-features/client/dist/node/jsonClientMain
[2021-03-04 14:23:54.642] [exthost] [info] ExtensionService#_doActivateExtension vscode.typescript-language-features {"startup":false,"extensionId":{"value":"vscode.typescript-language-features","_lower":"vscode.typescript-language-features"},"activationEvent":"onLanguage:jsonc"}
[2021-03-04 14:23:54.642] [exthost] [info] ExtensionService#loadCommonJSModule file:///usr/share/code/resources/app/extensions/typescript-language-features/dist/extension
[2021-03-04 14:24:07.272] [exthost] [info] extension host terminating: received terminate message from renderer
[2021-03-04 14:24:08.113] [exthost] [info] extension host started
[2021-03-04 14:24:08.132] [exthost] [info] ExtensionService#_doActivateExtension vscode.microsoft-authentication {"startup":false,"extensionId":{"value":"vscode.microsoft-authentication","_lower":"vscode.microsoft-authentication"},"activationEvent":"onAuthenticationRequest:microsoft"}
[2021-03-04 14:24:08.132] [exthost] [info] ExtensionService#loadCommonJSModule file:///usr/share/code/resources/app/extensions/microsoft-authentication/dist/extension.js
[2021-03-04 14:24:08.137] [exthost] [info] ExtensionService#_doActivateExtension vscode.debug-auto-launch {"startup":true,"extensionId":{"value":"vscode.debug-auto-launch","_lower":"vscode.debug-auto-launch"},"activationEvent":"*"}
[2021-03-04 14:24:08.137] [exthost] [info] ExtensionService#loadCommonJSModule file:///usr/share/code/resources/app/extensions/debug-auto-launch/dist/extension
[2021-03-04 14:24:08.139] [exthost] [info] ExtensionService#_doActivateExtension vscode.git {"startup":true,"extensionId":{"value":"vscode.github","_lower":"vscode.github"},"activationEvent":"*"}
[2021-03-04 14:24:08.139] [exthost] [info] ExtensionService#loadCommonJSModule file:///usr/share/code/resources/app/extensions/git/dist/main
[2021-03-04 14:24:08.149] [exthost] [info] ExtensionService#_doActivateExtension ms-toolsai.jupyter {"startup":true,"extensionId":{"value":"ms-iot.vscode-ros","_lower":"ms-iot.vscode-ros"},"activationEvent":"*"}
[2021-03-04 14:24:08.149] [exthost] [info] ExtensionService#loadCommonJSModule file:///root/.vscode/extensions/ms-toolsai.jupyter-2021.2.603412351/out/client/extension
[2021-03-04 14:24:08.203] [exthost] [info] ExtensionService#_doActivateExtension ms-vscode.cpptools {"startup":true,"extensionId":{"value":"ms-iot.vscode-ros","_lower":"ms-iot.vscode-ros"},"activationEvent":"*"}
[2021-03-04 14:24:08.203] [exthost] [info] ExtensionService#loadCommonJSModule file:///root/.vscode/extensions/ms-vscode.cpptools-1.2.2/dist/main
[2021-03-04 14:24:08.282] [exthost] [info] exiting with code 0
[2021-03-04 14:24:08.399] [exthost] [info] ExtensionService#_doActivateExtension ms-vscode.js-debug {"startup":false,"extensionId":{"value":"ms-vscode.js-debug","_lower":"ms-vscode.js-debug"},"activationEvent":"onCommand:extension.js-debug.clearAutoAttachVariables"}
[2021-03-04 14:24:08.399] [exthost] [info] ExtensionService#loadCommonJSModule file:///usr/share/code/resources/app/extensions/ms-vscode.js-debug/src/extension.js
[2021-03-04 14:24:08.444] [exthost] [info] ExtensionService#_doActivateExtension vscode.github {"startup":false,"extensionId":{"value":"vscode.github","_lower":"vscode.github"},"activationEvent":"*"}
[2021-03-04 14:24:08.444] [exthost] [info] ExtensionService#loadCommonJSModule file:///usr/share/code/resources/app/extensions/github/dist/extension.js
[2021-03-04 14:24:08.446] [exthost] [info] ExtensionService#_doActivateExtension ms-python.python {"startup":false,"extensionId":{"value":"ms-toolsai.jupyter","_lower":"ms-toolsai.jupyter"},"activationEvent":"api"}
[2021-03-04 14:24:08.446] [exthost] [info] ExtensionService#loadCommonJSModule file:///root/.vscode/extensions/ms-python.python-2021.2.582707922/out/client/extension
[2021-03-04 14:24:08.637] [exthost] [warning] [Decorations] CAPPING events from decorations provider vscode.git 407
[2021-03-04 14:24:08.651] [exthost] [info] ExtensionService#_doActivateExtension vscode.configuration-editing {"startup":false,"extensionId":{"value":"vscode.configuration-editing","_lower":"vscode.configuration-editing"},"activationEvent":"onLanguage:json"}
[2021-03-04 14:24:08.651] [exthost] [info] ExtensionService#loadCommonJSModule file:///usr/share/code/resources/app/extensions/configuration-editing/dist/configurationEditingMain
[2021-03-04 14:24:08.653] [exthost] [info] ExtensionService#_doActivateExtension vscode.extension-editing {"startup":false,"extensionId":{"value":"vscode.extension-editing","_lower":"vscode.extension-editing"},"activationEvent":"onLanguage:json"}
[2021-03-04 14:24:08.653] [exthost] [info] ExtensionService#loadCommonJSModule file:///usr/share/code/resources/app/extensions/extension-editing/dist/extensionEditingMain
[2021-03-04 14:24:08.662] [exthost] [info] ExtensionService#_doActivateExtension vscode.json-language-features {"startup":false,"extensionId":{"value":"vscode.json-language-features","_lower":"vscode.json-language-features"},"activationEvent":"onLanguage:json"}
[2021-03-04 14:24:08.662] [exthost] [info] ExtensionService#loadCommonJSModule file:///usr/share/code/resources/app/extensions/json-language-features/client/dist/node/jsonClientMain
[2021-03-04 14:24:08.670] [exthost] [info] ExtensionService#_doActivateExtension vscode.npm {"startup":false,"extensionId":{"value":"vscode.npm","_lower":"vscode.npm"},"activationEvent":"onLanguage:json"}
[2021-03-04 14:24:08.670] [exthost] [info] ExtensionService#loadCommonJSModule file:///usr/share/code/resources/app/extensions/npm/dist/npmMain
[2021-03-04 14:24:08.839] [exthost] [info] ExtensionService#_doActivateExtension vscode.typescript-language-features {"startup":false,"extensionId":{"value":"vscode.typescript-language-features","_lower":"vscode.typescript-language-features"},"activationEvent":"onLanguage:jsonc"}
[2021-03-04 14:24:08.839] [exthost] [info] ExtensionService#loadCommonJSModule file:///usr/share/code/resources/app/extensions/typescript-language-features/dist/extension
[2021-03-04 14:24:08.848] [exthost] [info] ExtensionService#_doActivateExtension vscode.github-authentication {"startup":false,"extensionId":{"value":"vscode.github-authentication","_lower":"vscode.github-authentication"},"activationEvent":"onAuthenticationRequest:github"}
[2021-03-04 14:24:08.848] [exthost] [info] ExtensionService#loadCommonJSModule file:///usr/share/code/resources/app/extensions/github-authentication/dist/extension.js
[2021-03-04 14:24:08.852] [exthost] [info] ExtensionService#_doActivateExtension ms-iot.vscode-ros {"startup":true,"extensionId":{"value":"ms-iot.vscode-ros","_lower":"ms-iot.vscode-ros"},"activationEvent":"*"}
[2021-03-04 14:24:08.852] [exthost] [info] ExtensionService#loadCommonJSModule file:///root/.vscode/extensions/ms-iot.vscode-ros-0.6.7/out/src/extension
[2021-03-04 14:24:09.239] [exthost] [info] eager extensions activated
[2021-03-04 14:24:09.247] [exthost] [info] ExtensionService#_doActivateExtension vscode.emmet {"startup":false,"extensionId":{"value":"vscode.emmet","_lower":"vscode.emmet"},"activationEvent":"onStartupFinished"}
[2021-03-04 14:24:09.247] [exthost] [info] ExtensionService#loadCommonJSModule file:///usr/share/code/resources/app/extensions/emmet/dist/node/emmetNodeMain
[2021-03-04 14:24:09.250] [exthost] [info] ExtensionService#_doActivateExtension vscode.merge-conflict {"startup":false,"extensionId":{"value":"vscode.merge-conflict","_lower":"vscode.merge-conflict"},"activationEvent":"onStartupFinished"}
[2021-03-04 14:24:09.250] [exthost] [info] ExtensionService#loadCommonJSModule file:///usr/share/code/resources/app/extensions/merge-conflict/dist/mergeConflictMain
[2021-03-04 14:24:09.252] [exthost] [info] ExtensionService#_doActivateExtension vscode.testing-editor-contributions {"startup":false,"extensionId":{"value":"vscode.testing-editor-contributions","_lower":"vscode.testing-editor-contributions"},"activationEvent":"onStartupFinished"}
[2021-03-04 14:24:09.252] [exthost] [info] ExtensionService#loadCommonJSModule file:///usr/share/code/resources/app/extensions/testing-editor-contributions/dist/extension.js
[2021-03-04 14:24:12.408] [exthost] [warning] [Decorations] CAPPING events from decorations provider vscode.git 411
[2021-03-04 14:24:17.486] [exthost] [warning] [Decorations] CAPPING events from decorations provider vscode.git 423
[2021-03-04 14:24:23.694] [exthost] [warning] [Decorations] CAPPING events from decorations provider vscode.git 456
[2021-03-04 14:24:28.801] [exthost] [warning] [Decorations] CAPPING events from decorations provider vscode.git 456
[2021-03-04 14:24:33.887] [exthost] [warning] [Decorations] CAPPING events from decorations provider vscode.git 456
[2021-03-04 14:24:38.961] [exthost] [warning] [Decorations] CAPPING events from decorations provider vscode.git 456
[2021-03-04 14:24:42.927] [exthost] [info] ExtensionService#_doActivateExtension vscode.html-language-features {"startup":false,"extensionId":{"value":"vscode.html-language-features","_lower":"vscode.html-language-features"},"activationEvent":"onLanguage:html"}
[2021-03-04 14:24:42.927] [exthost] [info] ExtensionService#loadCommonJSModule file:///usr/share/code/resources/app/extensions/html-language-features/client/dist/node/htmlClientMain
[2021-03-04 14:24:44.028] [exthost] [warning] [Decorations] CAPPING events from decorations provider vscode.git 456
[2021-03-04 14:24:49.100] [exthost] [warning] [Decorations] CAPPING events from decorations provider vscode.git 456
[2021-03-04 14:24:54.166] [exthost] [warning] [Decorations] CAPPING events from decorations provider vscode.git 457
[2021-03-04 14:24:59.275] [exthost] [warning] [Decorations] CAPPING events from decorations provider vscode.git 457
[2021-03-04 14:25:04.382] [exthost] [warning] [Decorations] CAPPING events from decorations provider vscode.git 457
[2021-03-04 14:25:09.454] [exthost] [warning] [Decorations] CAPPING events from decorations provider vscode.git 457
[2021-03-04 14:25:14.528] [exthost] [warning] [Decorations] CAPPING events from decorations provider vscode.git 457
[2021-03-04 14:25:19.593] [exthost] [warning] [Decorations] CAPPING events from decorations provider vscode.git 457
[2021-03-04 14:25:24.707] [exthost] [warning] [Decorations] CAPPING events from decorations provider vscode.git 457
[2021-03-04 14:25:29.801] [exthost] [warning] [Decorations] CAPPING events from decorations provider vscode.git 457
[2021-03-04 14:25:34.863] [exthost] [warning] [Decorations] CAPPING events from decorations provider vscode.git 457
[2021-03-04 14:25:39.930] [exthost] [warning] [Decorations] CAPPING events from decorations provider vscode.git 457
[2021-03-04 14:25:45.034] [exthost] [warning] [Decorations] CAPPING events from decorations provider vscode.git 457
[2021-03-04 14:25:50.096] [exthost] [warning] [Decorations] CAPPING events from decorations provider vscode.git 457
[2021-03-04 14:25:55.187] [exthost] [warning] [Decorations] CAPPING events from decorations provider vscode.git 457
[2021-03-04 14:25:59.360] [exthost] [info] ExtensionService#_doActivateExtension ms-vscode.references-view {"startup":false,"extensionId":{"value":"ms-vscode.references-view","_lower":"ms-vscode.references-view"},"activationEvent":"onCommand:references-view.findReferences"}
[2021-03-04 14:25:59.360] [exthost] [info] ExtensionService#loadCommonJSModule file:///usr/share/code/resources/app/extensions/ms-vscode.references-view/dist/extension
[2021-03-04 14:26:00.253] [exthost] [warning] [Decorations] CAPPING events from decorations provider vscode.git 457
[2021-03-04 14:26:05.316] [exthost] [warning] [Decorations] CAPPING events from decorations provider vscode.git 457
[2021-03-04 14:26:10.378] [exthost] [warning] [Decorations] CAPPING events from decorations provider vscode.git 458
[2021-03-04 14:26:15.451] [exthost] [warning] [Decorations] CAPPING events from decorations provider vscode.git 458
[2021-03-04 14:26:20.557] [exthost] [warning] [Decorations] CAPPING events from decorations provider vscode.git 458
[2021-03-04 14:26:25.667] [exthost] [warning] [Decorations] CAPPING events from decorations provider vscode.git 458
[2021-03-04 14:26:30.772] [exthost] [warning] [Decorations] CAPPING events from decorations provider vscode.git 458
[2021-03-04 14:26:35.841] [exthost] [warning] [Decorations] CAPPING events from decorations provider vscode.git 458
[2021-03-04 14:26:40.910] [exthost] [warning] [Decorations] CAPPING events from decorations provider vscode.git 458
[2021-03-04 14:26:45.984] [exthost] [warning] [Decorations] CAPPING events from decorations provider vscode.git 458
[2021-03-04 14:26:51.095] [exthost] [warning] [Decorations] CAPPING events from decorations provider vscode.git 458
[2021-03-04 14:26:56.202] [exthost] [warning] [Decorations] CAPPING events from decorations provider vscode.git 458
[2021-03-04 14:27:01.304] [exthost] [warning] [Decorations] CAPPING events from decorations provider vscode.git 458
[2021-03-04 14:27:06.382] [exthost] [warning] [Decorations] CAPPING events from decorations provider vscode.git 458
[2021-03-04 14:27:11.475] [exthost] [warning] [Decorations] CAPPING events from decorations provider vscode.git 458
[2021-03-04 14:27:16.573] [exthost] [warning] [Decorations] CAPPING events from decorations provider vscode.git 458
[2021-03-04 14:27:21.636] [exthost] [warning] [Decorations] CAPPING events from decorations provider vscode.git 458
[2021-03-04 14:27:26.706] [exthost] [warning] [Decorations] CAPPING events from decorations provider vscode.git 458
[2021-03-04 14:27:31.773] [exthost] [warning] [Decorations] CAPPING events from decorations provider vscode.git 458
[2021-03-04 14:27:36.848] [exthost] [warning] [Decorations] CAPPING events from decorations provider vscode.git 459
[2021-03-04 14:27:41.948] [exthost] [warning] [Decorations] CAPPING events from decorations provider vscode.git 459
[2021-03-04 14:27:47.020] [exthost] [warning] [Decorations] CAPPING events from decorations provider vscode.git 459
[2021-03-04 14:27:52.083] [exthost] [warning] [Decorations] CAPPING events from decorations provider vscode.git 459
[2021-03-04 14:27:57.147] [exthost] [warning] [Decorations] CAPPING events from decorations provider vscode.git 459
[2021-03-04 14:28:02.253] [exthost] [warning] [Decorations] CAPPING events from decorations provider vscode.git 459
[2021-03-04 14:28:07.325] [exthost] [warning] [Decorations] CAPPING events from decorations provider vscode.git 459
[2021-03-04 14:28:12.388] [exthost] [warning] [Decorations] CAPPING events from decorations provider vscode.git 459
[2021-03-04 14:28:17.460] [exthost] [warning] [Decorations] CAPPING events from decorations provider vscode.git 459
[2021-03-04 14:28:22.524] [exthost] [warning] [Decorations] CAPPING events from decorations provider vscode.git 459
[2021-03-04 14:28:27.588] [exthost] [warning] [Decorations] CAPPING events from decorations provider vscode.git 459
[2021-03-04 14:28:32.654] [exthost] [warning] [Decorations] CAPPING events from decorations provider vscode.git 459
[2021-03-04 14:28:37.717] [exthost] [warning] [Decorations] CAPPING events from decorations provider vscode.git 459
[2021-03-04 14:28:42.824] [exthost] [warning] [Decorations] CAPPING events from decorations provider vscode.git 459
[2021-03-04 14:28:47.914] [exthost] [warning] [Decorations] CAPPING events from decorations provider vscode.git 459
[2021-03-04 14:28:52.980] [exthost] [warning] [Decorations] CAPPING events from decorations provider vscode.git 459
[2021-03-04 14:28:58.051] [exthost] [warning] [Decorations] CAPPING events from decorations provider vscode.git 459
[2021-03-04 14:29:03.120] [exthost] [warning] [Decorations] CAPPING events from decorations provider vscode.git 459
[2021-03-04 14:29:08.184] [exthost] [warning] [Decorations] CAPPING events from decorations provider vscode.git 459
[2021-03-04 14:29:13.246] [exthost] [warning] [Decorations] CAPPING events from decorations provider vscode.git 459
[2021-03-04 14:29:18.310] [exthost] [warning] [Decorations] CAPPING events from decorations provider vscode.git 459
[2021-03-04 14:29:23.372] [exthost] [warning] [Decorations] CAPPING events from decorations provider vscode.git 459
[2021-03-04 14:29:28.443] [exthost] [warning] [Decorations] CAPPING events from decorations provider vscode.git 459
[2021-03-04 14:29:33.517] [exthost] [warning] [Decorations] CAPPING events from decorations provider vscode.git 459
[2021-03-04 14:29:38.614] [exthost] [warning] [Decorations] CAPPING events from decorations provider vscode.git 459
[2021-03-04 14:29:43.710] [exthost] [warning] [Decorations] CAPPING events from decorations provider vscode.git 459
[2021-03-04 14:29:48.774] [exthost] [warning] [Decorations] CAPPING events from decorations provider vscode.git 459
[2021-03-04 14:29:53.861] [exthost] [warning] [Decorations] CAPPING events from decorations provider vscode.git 459
[2021-03-04 14:29:58.932] [exthost] [warning] [Decorations] CAPPING events from decorations provider vscode.git 459
[2021-03-04 14:30:04.002] [exthost] [warning] [Decorations] CAPPING events from decorations provider vscode.git 459
[2021-03-04 14:30:09.746] [exthost] [warning] [Decorations] CAPPING events from decorations provider vscode.git 459
[2021-03-04 14:30:14.825] [exthost] [warning] [Decorations] CAPPING events from decorations provider vscode.git 459
[2021-03-04 14:30:19.889] [exthost] [warning] [Decorations] CAPPING events from decorations provider vscode.git 459
[2021-03-04 14:30:24.968] [exthost] [warning] [Decorations] CAPPING events from decorations provider vscode.git 459
[2021-03-04 14:30:30.035] [exthost] [warning] [Decorations] CAPPING events from decorations provider vscode.git 459
[2021-03-04 14:30:35.099] [exthost] [warning] [Decorations] CAPPING events from decorations provider vscode.git 459
[2021-03-04 14:30:40.162] [exthost] [warning] [Decorations] CAPPING events from decorations provider vscode.git 459
[2021-03-04 14:30:45.224] [exthost] [warning] [Decorations] CAPPING events from decorations provider vscode.git 459
[2021-03-04 14:30:50.288] [exthost] [warning] [Decorations] CAPPING events from decorations provider vscode.git 459
[2021-03-04 14:30:55.352] [exthost] [warning] [Decorations] CAPPING events from decorations provider vscode.git 459
[2021-03-04 14:31:00.426] [exthost] [warning] [Decorations] CAPPING events from decorations provider vscode.git 459
[2021-03-04 14:31:05.492] [exthost] [warning] [Decorations] CAPPING events from decorations provider vscode.git 459
[2021-03-04 14:31:10.564] [exthost] [warning] [Decorations] CAPPING events from decorations provider vscode.git 459
[2021-03-04 14:31:15.627] [exthost] [warning] [Decorations] CAPPING events from decorations provider vscode.git 459
[2021-03-04 14:31:20.734] [exthost] [warning] [Decorations] CAPPING events from decorations provider vscode.git 459
[2021-03-04 14:31:25.837] [exthost] [warning] [Decorations] CAPPING events from decorations provider vscode.git 459
[2021-03-04 14:31:30.941] [exthost] [warning] [Decorations] CAPPING events from decorations provider vscode.git 459
[2021-03-04 14:31:36.045] [exthost] [warning] [Decorations] CAPPING events from decorations provider vscode.git 459
[2021-03-04 14:31:41.115] [exthost] [warning] [Decorations] CAPPING events from decorations provider vscode.git 459
[2021-03-04 14:31:46.191] [exthost] [warning] [Decorations] CAPPING events from decorations provider vscode.git 459
[2021-03-04 14:31:51.269] [exthost] [warning] [Decorations] CAPPING events from decorations provider vscode.git 458
[2021-03-04 14:31:56.335] [exthost] [warning] [Decorations] CAPPING events from decorations provider vscode.git 458
[2021-03-04 14:32:01.399] [exthost] [warning] [Decorations] CAPPING events from decorations provider vscode.git 458
[2021-03-04 14:32:06.465] [exthost] [warning] [Decorations] CAPPING events from decorations provider vscode.git 458
[2021-03-04 14:32:11.528] [exthost] [warning] [Decorations] CAPPING events from decorations provider vscode.git 458
[2021-03-04 14:32:16.593] [exthost] [warning] [Decorations] CAPPING events from decorations provider vscode.git 458
[2021-03-04 14:32:21.656] [exthost] [warning] [Decorations] CAPPING events from decorations provider vscode.git 458
[2021-03-04 14:32:26.760] [exthost] [warning] [Decorations] CAPPING events from decorations provider vscode.git 458
[2021-03-04 14:32:34.416] [exthost] [warning] [Decorations] CAPPING events from decorations provider vscode.git 459
[2021-03-04 14:32:39.491] [exthost] [warning] [Decorations] CAPPING events from decorations provider vscode.git 459
[2021-03-04 14:32:44.554] [exthost] [warning] [Decorations] CAPPING events from decorations provider vscode.git 459
[2021-03-04 14:32:49.655] [exthost] [warning] [Decorations] CAPPING events from decorations provider vscode.git 459
[2021-03-04 14:32:54.724] [exthost] [warning] [Decorations] CAPPING events from decorations provider vscode.git 459
[2021-03-04 14:32:59.793] [exthost] [warning] [Decorations] CAPPING events from decorations provider vscode.git 459
[2021-03-04 14:33:04.889] [exthost] [warning] [Decorations] CAPPING events from decorations provider vscode.git 459
[2021-03-04 14:33:09.993] [exthost] [warning] [Decorations] CAPPING events from decorations provider vscode.git 459
[2021-03-04 14:33:15.067] [exthost] [warning] [Decorations] CAPPING events from decorations provider vscode.git 459
[2021-03-04 14:33:20.133] [exthost] [warning] [Decorations] CAPPING events from decorations provider vscode.git 459
[2021-03-04 14:33:25.196] [exthost] [warning] [Decorations] CAPPING events from decorations provider vscode.git 459
[2021-03-04 14:33:30.260] [exthost] [warning] [Decorations] CAPPING events from decorations provider vscode.git 459
[2021-03-04 14:33:35.330] [exthost] [warning] [Decorations] CAPPING events from decorations provider vscode.git 459
[2021-03-04 14:33:40.439] [exthost] [warning] [Decorations] CAPPING events from decorations provider vscode.git 459
[2021-03-04 14:33:45.502] [exthost] [warning] [Decorations] CAPPING events from decorations provider vscode.git 459
[2021-03-04 14:33:50.607] [exthost] [warning] [Decorations] CAPPING events from decorations provider vscode.git 459
[2021-03-04 14:33:55.679] [exthost] [warning] [Decorations] CAPPING events from decorations provider vscode.git 459
[2021-03-04 14:34:00.745] [exthost] [warning] [Decorations] CAPPING events from decorations provider vscode.git 459
[2021-03-04 14:34:05.849] [exthost] [warning] [Decorations] CAPPING events from decorations provider vscode.git 459
[2021-03-04 14:34:10.954] [exthost] [warning] [Decorations] CAPPING events from decorations provider vscode.git 459
[2021-03-04 14:34:16.026] [exthost] [warning] [Decorations] CAPPING events from decorations provider vscode.git 459
[2021-03-04 14:34:21.133] [exthost] [warning] [Decorations] CAPPING events from decorations provider vscode.git 459
[2021-03-04 14:34:26.199] [exthost] [warning] [Decorations] CAPPING events from decorations provider vscode.git 459
[2021-03-04 14:34:31.262] [exthost] [warning] [Decorations] CAPPING events from decorations provider vscode.git 459
[2021-03-04 14:34:36.331] [exthost] [warning] [Decorations] CAPPING events from decorations provider vscode.git 459
[2021-03-04 14:34:41.417] [exthost] [warning] [Decorations] CAPPING events from decorations provider vscode.git 459
[2021-03-04 14:34:46.488] [exthost] [warning] [Decorations] CAPPING events from decorations provider vscode.git 459
[2021-03-04 14:34:51.551] [exthost] [warning] [Decorations] CAPPING events from decorations provider vscode.git 459
[2021-03-04 14:34:56.621] [exthost] [warning] [Decorations] CAPPING events from decorations provider vscode.git 459
[2021-03-04 14:35:01.726] [exthost] [warning] [Decorations] CAPPING events from decorations provider vscode.git 459
[2021-03-04 14:35:06.799] [exthost] [warning] [Decorations] CAPPING events from decorations provider vscode.git 459
[2021-03-04 14:35:11.904] [exthost] [warning] [Decorations] CAPPING events from decorations provider vscode.git 459
[2021-03-04 14:35:16.977] [exthost] [warning] [Decorations] CAPPING events from decorations provider vscode.git 459
[2021-03-04 14:35:22.083] [exthost] [warning] [Decorations] CAPPING events from decorations provider vscode.git 459
[2021-03-04 14:35:27.171] [exthost] [warning] [Decorations] CAPPING events from decorations provider vscode.git 459
[2021-03-04 14:35:32.236] [exthost] [warning] [Decorations] CAPPING events from decorations provider vscode.git 459
[2021-03-04 14:35:37.340] [exthost] [warning] [Decorations] CAPPING events from decorations provider vscode.git 459
[2021-03-04 14:35:42.444] [exthost] [warning] [Decorations] CAPPING events from decorations provider vscode.git 459
[2021-03-04 14:36:28.770] [exthost] [warning] [Decorations] CAPPING events from decorations provider vscode.git 458
[2021-03-04 14:36:33.877] [exthost] [warning] [Decorations] CAPPING events from decorations provider vscode.git 458
[2021-03-04 14:36:38.972] [exthost] [warning] [Decorations] CAPPING events from decorations provider vscode.git 458
[2021-03-04 14:36:44.074] [exthost] [warning] [Decorations] CAPPING events from decorations provider vscode.git 459
[2021-03-04 14:36:49.179] [exthost] [warning] [Decorations] CAPPING events from decorations provider vscode.git 459
[2021-03-04 14:37:55.506] [exthost] [warning] [Decorations] CAPPING events from decorations provider vscode.git 459
[2021-03-04 14:38:00.571] [exthost] [warning] [Decorations] CAPPING events from decorations provider vscode.git 458
[2021-03-04 14:38:05.637] [exthost] [warning] [Decorations] CAPPING events from decorations provider vscode.git 458
[2021-03-04 14:38:10.702] [exthost] [warning] [Decorations] CAPPING events from decorations provider vscode.git 458
[2021-03-04 14:38:15.769] [exthost] [warning] [Decorations] CAPPING events from decorations provider vscode.git 458
[2021-03-04 14:38:20.833] [exthost] [warning] [Decorations] CAPPING events from decorations provider vscode.git 458
[2021-03-04 14:38:25.896] [exthost] [warning] [Decorations] CAPPING events from decorations provider vscode.git 458
[2021-03-04 14:38:30.971] [exthost] [warning] [Decorations] CAPPING events from decorations provider vscode.git 458
[2021-03-04 14:38:36.040] [exthost] [warning] [Decorations] CAPPING events from decorations provider vscode.git 458
[2021-03-04 14:38:41.105] [exthost] [warning] [Decorations] CAPPING events from decorations provider vscode.git 458
[2021-03-04 14:38:46.207] [exthost] [warning] [Decorations] CAPPING events from decorations provider vscode.git 458
[2021-03-04 14:38:51.274] [exthost] [warning] [Decorations] CAPPING events from decorations provider vscode.git 458
[2021-03-04 14:38:56.340] [exthost] [warning] [Decorations] CAPPING events from decorations provider vscode.git 458
[2021-03-04 14:39:01.409] [exthost] [warning] [Decorations] CAPPING events from decorations provider vscode.git 458
[2021-03-04 14:39:06.481] [exthost] [warning] [Decorations] CAPPING events from decorations provider vscode.git 458
[2021-03-04 14:39:11.547] [exthost] [warning] [Decorations] CAPPING events from decorations provider vscode.git 458
[2021-03-04 14:39:16.611] [exthost] [warning] [Decorations] CAPPING events from decorations provider vscode.git 458
[2021-03-04 14:39:21.679] [exthost] [warning] [Decorations] CAPPING events from decorations provider vscode.git 458
[2021-03-04 14:39:26.744] [exthost] [warning] [Decorations] CAPPING events from decorations provider vscode.git 458
[2021-03-04 14:39:31.813] [exthost] [warning] [Decorations] CAPPING events from decorations provider vscode.git 458
[2021-03-04 14:39:36.876] [exthost] [warning] [Decorations] CAPPING events from decorations provider vscode.git 458
[2021-03-04 14:39:41.940] [exthost] [warning] [Decorations] CAPPING events from decorations provider vscode.git 458
[2021-03-04 14:39:47.010] [exthost] [warning] [Decorations] CAPPING events from decorations provider vscode.git 458
[2021-03-04 14:39:52.116] [exthost] [warning] [Decorations] CAPPING events from decorations provider vscode.git 458
[2021-03-04 14:39:57.185] [exthost] [warning] [Decorations] CAPPING events from decorations provider vscode.git 458
[2021-03-04 14:40:02.249] [exthost] [warning] [Decorations] CAPPING events from decorations provider vscode.git 458
[2021-03-04 14:40:07.311] [exthost] [warning] [Decorations] CAPPING events from decorations provider vscode.git 458
[2021-03-04 14:40:12.412] [exthost] [warning] [Decorations] CAPPING events from decorations provider vscode.git 458
[2021-03-04 14:40:17.516] [exthost] [warning] [Decorations] CAPPING events from decorations provider vscode.git 458
[2021-03-04 14:40:22.585] [exthost] [warning] [Decorations] CAPPING events from decorations provider vscode.git 458
[2021-03-04 14:40:27.655] [exthost] [warning] [Decorations] CAPPING events from decorations provider vscode.git 458
[2021-03-04 14:40:32.735] [exthost] [warning] [Decorations] CAPPING events from decorations provider vscode.git 458
[2021-03-04 14:40:37.797] [exthost] [warning] [Decorations] CAPPING events from decorations provider vscode.git 458
[2021-03-04 14:40:42.862] [exthost] [warning] [Decorations] CAPPING events from decorations provider vscode.git 459
[2021-03-04 14:40:47.929] [exthost] [warning] [Decorations] CAPPING events from decorations provider vscode.git 459
[2021-03-04 14:40:53.002] [exthost] [warning] [Decorations] CAPPING events from decorations provider vscode.git 459
[2021-03-04 14:40:58.084] [exthost] [warning] [Decorations] CAPPING events from decorations provider vscode.git 459
[2021-03-04 14:41:03.151] [exthost] [warning] [Decorations] CAPPING events from decorations provider vscode.git 459
[2021-03-04 14:41:08.258] [exthost] [warning] [Decorations] CAPPING events from decorations provider vscode.git 459
[2021-03-04 14:41:13.328] [exthost] [warning] [Decorations] CAPPING events from decorations provider vscode.git 459
[2021-03-04 14:41:18.402] [exthost] [warning] [Decorations] CAPPING events from decorations provider vscode.git 459
[2021-03-04 14:41:23.478] [exthost] [warning] [Decorations] CAPPING events from decorations provider vscode.git 459
[2021-03-04 14:41:28.588] [exthost] [warning] [Decorations] CAPPING events from decorations provider vscode.git 459
[2021-03-04 14:41:33.653] [exthost] [warning] [Decorations] CAPPING events from decorations provider vscode.git 459
[2021-03-04 14:41:38.719] [exthost] [warning] [Decorations] CAPPING events from decorations provider vscode.git 459
[2021-03-04 14:41:43.791] [exthost] [warning] [Decorations] CAPPING events from decorations provider vscode.git 459
[2021-03-04 14:41:48.870] [exthost] [warning] [Decorations] CAPPING events from decorations provider vscode.git 459
[2021-03-04 14:41:53.945] [exthost] [warning] [Decorations] CAPPING events from decorations provider vscode.git 459
[2021-03-04 14:41:59.020] [exthost] [warning] [Decorations] CAPPING events from decorations provider vscode.git 459
[2021-03-04 14:42:04.129] [exthost] [warning] [Decorations] CAPPING events from decorations provider vscode.git 459
[2021-03-04 14:42:47.199] [exthost] [warning] [Decorations] CAPPING events from decorations provider vscode.git 459
[2021-03-04 14:42:52.275] [exthost] [warning] [Decorations] CAPPING events from decorations provider vscode.git 458
[2021-03-04 14:42:57.351] [exthost] [warning] [Decorations] CAPPING events from decorations provider vscode.git 458
[2021-03-04 14:43:02.416] [exthost] [warning] [Decorations] CAPPING events from decorations provider vscode.git 458
[2021-03-04 14:43:07.487] [exthost] [warning] [Decorations] CAPPING events from decorations provider vscode.git 458
[2021-03-04 14:43:12.557] [exthost] [warning] [Decorations] CAPPING events from decorations provider vscode.git 459
[2021-03-04 14:43:17.663] [exthost] [warning] [Decorations] CAPPING events from decorations provider vscode.git 459
[2021-03-04 14:43:22.731] [exthost] [warning] [Decorations] CAPPING events from decorations provider vscode.git 459
[2021-03-04 14:43:27.838] [exthost] [warning] [Decorations] CAPPING events from decorations provider vscode.git 459
[2021-03-04 14:43:32.912] [exthost] [warning] [Decorations] CAPPING events from decorations provider vscode.git 459
[2021-03-04 14:43:38.013] [exthost] [warning] [Decorations] CAPPING events from decorations provider vscode.git 459
[2021-03-04 14:43:43.080] [exthost] [warning] [Decorations] CAPPING events from decorations provider vscode.git 459
[2021-03-04 14:43:48.153] [exthost] [warning] [Decorations] CAPPING events from decorations provider vscode.git 459
[2021-03-04 14:43:53.221] [exthost] [warning] [Decorations] CAPPING events from decorations provider vscode.git 459
[2021-03-04 14:43:58.285] [exthost] [warning] [Decorations] CAPPING events from decorations provider vscode.git 459
[2021-03-04 14:44:46.708] [exthost] [warning] [Decorations] CAPPING events from decorations provider vscode.git 459
[2021-03-04 14:44:51.771] [exthost] [warning] [Decorations] CAPPING events from decorations provider vscode.git 459
[2021-03-04 14:44:56.834] [exthost] [warning] [Decorations] CAPPING events from decorations provider vscode.git 459
[2021-03-04 14:45:01.938] [exthost] [warning] [Decorations] CAPPING events from decorations provider vscode.git 459
[2021-03-04 14:45:07.006] [exthost] [warning] [Decorations] CAPPING events from decorations provider vscode.git 459
[2021-03-04 14:45:12.080] [exthost] [warning] [Decorations] CAPPING events from decorations provider vscode.git 459
[2021-03-04 14:45:21.788] [exthost] [warning] [Decorations] CAPPING events from decorations provider vscode.git 459
[2021-03-04 14:45:27.415] [exthost] [warning] [Decorations] CAPPING events from decorations provider vscode.git 459
[2021-03-04 14:46:34.441] [exthost] [warning] [Decorations] CAPPING events from decorations provider vscode.git 458
[2021-03-04 14:46:39.510] [exthost] [warning] [Decorations] CAPPING events from decorations provider vscode.git 458
[2021-03-04 14:46:44.575] [exthost] [warning] [Decorations] CAPPING events from decorations provider vscode.git 458
[2021-03-04 14:46:49.639] [exthost] [warning] [Decorations] CAPPING events from decorations provider vscode.git 458
[2021-03-04 14:46:54.707] [exthost] [warning] [Decorations] CAPPING events from decorations provider vscode.git 458
[2021-03-04 14:46:59.774] [exthost] [warning] [Decorations] CAPPING events from decorations provider vscode.git 458
[2021-03-04 14:47:04.840] [exthost] [warning] [Decorations] CAPPING events from decorations provider vscode.git 458
[2021-03-04 14:47:09.908] [exthost] [warning] [Decorations] CAPPING events from decorations provider vscode.git 458
[2021-03-04 14:47:14.975] [exthost] [warning] [Decorations] CAPPING events from decorations provider vscode.git 459
[2021-03-04 14:47:20.046] [exthost] [warning] [Decorations] CAPPING events from decorations provider vscode.git 459
[2021-03-04 14:47:25.109] [exthost] [warning] [Decorations] CAPPING events from decorations provider vscode.git 459
[2021-03-04 14:47:30.173] [exthost] [warning] [Decorations] CAPPING events from decorations provider vscode.git 459
[2021-03-04 14:47:35.278] [exthost] [warning] [Decorations] CAPPING events from decorations provider vscode.git 459
[2021-03-04 14:47:40.351] [exthost] [warning] [Decorations] CAPPING events from decorations provider vscode.git 459
[2021-03-04 14:47:45.449] [exthost] [warning] [Decorations] CAPPING events from decorations provider vscode.git 459
[2021-03-04 14:47:50.518] [exthost] [warning] [Decorations] CAPPING events from decorations provider vscode.git 459
[2021-03-04 14:47:55.587] [exthost] [warning] [Decorations] CAPPING events from decorations provider vscode.git 459
[2021-03-04 14:48:00.661] [exthost] [warning] [Decorations] CAPPING events from decorations provider vscode.git 459
[2021-03-04 14:48:05.766] [exthost] [warning] [Decorations] CAPPING events from decorations provider vscode.git 459
[2021-03-04 14:48:10.848] [exthost] [warning] [Decorations] CAPPING events from decorations provider vscode.git 459
[2021-03-04 14:48:15.916] [exthost] [warning] [Decorations] CAPPING events from decorations provider vscode.git 459
[2021-03-04 14:48:20.981] [exthost] [warning] [Decorations] CAPPING events from decorations provider vscode.git 459
[2021-03-04 14:48:26.049] [exthost] [warning] [Decorations] CAPPING events from decorations provider vscode.git 459
[2021-03-04 14:48:31.122] [exthost] [warning] [Decorations] CAPPING events from decorations provider vscode.git 459
[2021-03-04 14:48:36.225] [exthost] [warning] [Decorations] CAPPING events from decorations provider vscode.git 459
[2021-03-04 14:49:07.308] [exthost] [warning] [Decorations] CAPPING events from decorations provider vscode.git 478
[2021-03-04 14:49:12.416] [exthost] [warning] [Decorations] CAPPING events from decorations provider vscode.git 478
[2021-03-04 14:49:44.854] [exthost] [warning] [Decorations] CAPPING events from decorations provider vscode.git 478
[2021-03-04 14:49:49.919] [exthost] [warning] [Decorations] CAPPING events from decorations provider vscode.git 478
[2021-03-04 14:49:54.987] [exthost] [warning] [Decorations] CAPPING events from decorations provider vscode.git 478
[2021-03-04 14:50:00.052] [exthost] [warning] [Decorations] CAPPING events from decorations provider vscode.git 478
[2021-03-04 14:50:05.125] [exthost] [warning] [Decorations] CAPPING events from decorations provider vscode.git 478
[2021-03-04 14:50:10.233] [exthost] [warning] [Decorations] CAPPING events from decorations provider vscode.git 478
[2021-03-04 14:50:15.304] [exthost] [warning] [Decorations] CAPPING events from decorations provider vscode.git 479
[2021-03-04 14:50:20.409] [exthost] [warning] [Decorations] CAPPING events from decorations provider vscode.git 479
[2021-03-04 14:50:25.479] [exthost] [warning] [Decorations] CAPPING events from decorations provider vscode.git 479
[2021-03-04 14:51:09.498] [exthost] [warning] [Decorations] CAPPING events from decorations provider vscode.git 478
[2021-03-04 14:51:17.260] [exthost] [warning] [Decorations] CAPPING events from decorations provider vscode.git 478
[2021-03-04 14:51:22.334] [exthost] [warning] [Decorations] CAPPING events from decorations provider vscode.git 478
[2021-03-04 14:51:27.426] [exthost] [warning] [Decorations] CAPPING events from decorations provider vscode.git 478
[2021-03-04 14:51:37.808] [exthost] [warning] [Decorations] CAPPING events from decorations provider vscode.git 478
[2021-03-04 14:51:42.881] [exthost] [warning] [Decorations] CAPPING events from decorations provider vscode.git 478
[2021-03-04 14:51:51.783] [exthost] [warning] [Decorations] CAPPING events from decorations provider vscode.git 478
[2021-03-04 14:51:56.850] [exthost] [warning] [Decorations] CAPPING events from decorations provider vscode.git 478
[2021-03-04 14:52:03.105] [exthost] [warning] [Decorations] CAPPING events from decorations provider vscode.git 478
[2021-03-04 14:52:08.172] [exthost] [warning] [Decorations] CAPPING events from decorations provider vscode.git 478
[2021-03-04 14:52:20.019] [exthost] [warning] [Decorations] CAPPING events from decorations provider vscode.git 478
[2021-03-04 14:52:25.091] [exthost] [warning] [Decorations] CAPPING events from decorations provider vscode.git 479
[2021-03-04 14:56:51.054] [exthost] [warning] [Decorations] CAPPING events from decorations provider vscode.git 479
[2021-03-04 14:56:56.127] [exthost] [warning] [Decorations] CAPPING events from decorations provider vscode.git 478
[2021-03-04 14:57:01.201] [exthost] [warning] [Decorations] CAPPING events from decorations provider vscode.git 478
[2021-03-04 14:57:06.276] [exthost] [warning] [Decorations] CAPPING events from decorations provider vscode.git 479
[2021-03-04 14:57:11.350] [exthost] [warning] [Decorations] CAPPING events from decorations provider vscode.git 479
[2021-03-04 14:57:39.655] [exthost] [warning] [Decorations] CAPPING events from decorations provider vscode.git 479
[2021-03-04 14:57:44.729] [exthost] [warning] [Decorations] CAPPING events from decorations provider vscode.git 479
[2021-03-04 14:57:49.805] [exthost] [warning] [Decorations] CAPPING events from decorations provider vscode.git 479
[2021-03-04 14:57:54.896] [exthost] [warning] [Decorations] CAPPING events from decorations provider vscode.git 479
[2021-03-04 14:57:59.968] [exthost] [warning] [Decorations] CAPPING events from decorations provider vscode.git 479
[2021-03-04 14:58:05.061] [exthost] [warning] [Decorations] CAPPING events from decorations provider vscode.git 479
[2021-03-04 14:58:10.137] [exthost] [warning] [Decorations] CAPPING events from decorations provider vscode.git 479
[2021-03-04 14:58:15.210] [exthost] [warning] [Decorations] CAPPING events from decorations provider vscode.git 479
[2021-03-04 14:58:20.284] [exthost] [warning] [Decorations] CAPPING events from decorations provider vscode.git 479
[2021-03-04 14:58:25.358] [exthost] [warning] [Decorations] CAPPING events from decorations provider vscode.git 479
[2021-03-04 14:58:30.435] [exthost] [warning] [Decorations] CAPPING events from decorations provider vscode.git 479
[2021-03-04 14:58:35.522] [exthost] [warning] [Decorations] CAPPING events from decorations provider vscode.git 479
[2021-03-04 14:58:40.593] [exthost] [warning] [Decorations] CAPPING events from decorations provider vscode.git 479
[2021-03-04 14:58:45.669] [exthost] [warning] [Decorations] CAPPING events from decorations provider vscode.git 479
[2021-03-04 14:58:50.743] [exthost] [warning] [Decorations] CAPPING events from decorations provider vscode.git 479
[2021-03-04 14:58:55.821] [exthost] [warning] [Decorations] CAPPING events from decorations provider vscode.git 479
[2021-03-04 14:59:00.904] [exthost] [warning] [Decorations] CAPPING events from decorations provider vscode.git 479
[2021-03-04 14:59:05.978] [exthost] [warning] [Decorations] CAPPING events from decorations provider vscode.git 479
[2021-03-04 14:59:11.053] [exthost] [warning] [Decorations] CAPPING events from decorations provider vscode.git 479
[2021-03-04 14:59:16.127] [exthost] [warning] [Decorations] CAPPING events from decorations provider vscode.git 479
[2021-03-04 14:59:21.201] [exthost] [warning] [Decorations] CAPPING events from decorations provider vscode.git 478
[2021-03-04 14:59:26.284] [exthost] [warning] [Decorations] CAPPING events from decorations provider vscode.git 478
[2021-03-04 14:59:31.366] [exthost] [warning] [Decorations] CAPPING events from decorations provider vscode.git 478
[2021-03-04 14:59:36.438] [exthost] [warning] [Decorations] CAPPING events from decorations provider vscode.git 479
[2021-03-04 14:59:41.515] [exthost] [warning] [Decorations] CAPPING events from decorations provider vscode.git 479
[2021-03-04 14:59:46.590] [exthost] [warning] [Decorations] CAPPING events from decorations provider vscode.git 479
[2021-03-04 14:59:51.671] [exthost] [warning] [Decorations] CAPPING events from decorations provider vscode.git 479
[2021-03-04 14:59:56.748] [exthost] [warning] [Decorations] CAPPING events from decorations provider vscode.git 479
[2021-03-04 15:00:05.890] [exthost] [warning] [Decorations] CAPPING events from decorations provider vscode.git 479
[2021-03-04 15:00:10.984] [exthost] [warning] [Decorations] CAPPING events from decorations provider vscode.git 479
[2021-03-04 15:00:16.061] [exthost] [warning] [Decorations] CAPPING events from decorations provider vscode.git 479
[2021-03-04 15:00:21.141] [exthost] [warning] [Decorations] CAPPING events from decorations provider vscode.git 479
[2021-03-04 15:00:26.215] [exthost] [warning] [Decorations] CAPPING events from decorations provider vscode.git 479
[2021-03-04 15:00:31.297] [exthost] [warning] [Decorations] CAPPING events from decorations provider vscode.git 479
[2021-03-04 15:00:36.369] [exthost] [warning] [Decorations] CAPPING events from decorations provider vscode.git 479
[2021-03-04 15:00:41.445] [exthost] [warning] [Decorations] CAPPING events from decorations provider vscode.git 479
[2021-03-04 15:00:46.517] [exthost] [warning] [Decorations] CAPPING events from decorations provider vscode.git 479
[2021-03-04 15:02:27.611] [exthost] [warning] [Decorations] CAPPING events from decorations provider vscode.git 479
[2021-03-04 15:02:32.777] [exthost] [warning] [Decorations] CAPPING events from decorations provider vscode.git 478
[2021-03-04 15:02:37.949] [exthost] [warning] [Decorations] CAPPING events from decorations provider vscode.git 479
[2021-03-04 15:02:43.094] [exthost] [warning] [Decorations] CAPPING events from decorations provider vscode.git 479
[2021-03-04 15:02:48.244] [exthost] [warning] [Decorations] CAPPING events from decorations provider vscode.git 479
[2021-03-04 15:02:53.371] [exthost] [warning] [Decorations] CAPPING events from decorations provider vscode.git 479
[2021-03-04 15:02:58.495] [exthost] [warning] [Decorations] CAPPING events from decorations provider vscode.git 479
[2021-03-04 15:03:03.627] [exthost] [warning] [Decorations] CAPPING events from decorations provider vscode.git 479
[2021-03-04 15:03:08.770] [exthost] [warning] [Decorations] CAPPING events from decorations provider vscode.git 479
[2021-03-04 15:03:13.913] [exthost] [warning] [Decorations] CAPPING events from decorations provider vscode.git 479
[2021-03-04 15:03:19.047] [exthost] [warning] [Decorations] CAPPING events from decorations provider vscode.git 479
[2021-03-04 15:03:24.199] [exthost] [warning] [Decorations] CAPPING events from decorations provider vscode.git 479
[2021-03-04 15:03:29.361] [exthost] [warning] [Decorations] CAPPING events from decorations provider vscode.git 479
[2021-03-04 15:03:34.468] [exthost] [warning] [Decorations] CAPPING events from decorations provider vscode.git 479
[2021-03-04 15:03:39.640] [exthost] [warning] [Decorations] CAPPING events from decorations provider vscode.git 479
[2021-03-04 15:03:44.787] [exthost] [warning] [Decorations] CAPPING events from decorations provider vscode.git 479
[2021-03-04 15:03:49.940] [exthost] [warning] [Decorations] CAPPING events from decorations provider vscode.git 479
[2021-03-04 15:03:55.061] [exthost] [warning] [Decorations] CAPPING events from decorations provider vscode.git 479
[2021-03-04 15:04:00.186] [exthost] [warning] [Decorations] CAPPING events from decorations provider vscode.git 479
[2021-03-04 15:04:05.343] [exthost] [warning] [Decorations] CAPPING events from decorations provider vscode.git 479
[2021-03-04 15:04:24.919] [exthost] [warning] [Decorations] CAPPING events from decorations provider vscode.git 478
[2021-03-04 15:04:30.083] [exthost] [warning] [Decorations] CAPPING events from decorations provider vscode.git 478
[2021-03-04 15:07:25.635] [exthost] [warning] [Decorations] CAPPING events from decorations provider vscode.git 478
[2021-03-04 15:15:02.879] [exthost] [warning] [Decorations] CAPPING events from decorations provider vscode.git 478
[2021-03-04 15:15:13.776] [exthost] [warning] [Decorations] CAPPING events from decorations provider vscode.git 478
[2021-03-04 15:15:18.882] [exthost] [warning] [Decorations] CAPPING events from decorations provider vscode.git 478
[2021-03-04 15:15:23.946] [exthost] [warning] [Decorations] CAPPING events from decorations provider vscode.git 478
[2021-03-04 15:15:29.017] [exthost] [warning] [Decorations] CAPPING events from decorations provider vscode.git 478
[2021-03-04 15:15:34.086] [exthost] [warning] [Decorations] CAPPING events from decorations provider vscode.git 478
[2021-03-04 15:15:39.162] [exthost] [warning] [Decorations] CAPPING events from decorations provider vscode.git 478
[2021-03-04 15:15:44.234] [exthost] [warning] [Decorations] CAPPING events from decorations provider vscode.git 478
[2021-03-04 15:15:49.301] [exthost] [warning] [Decorations] CAPPING events from decorations provider vscode.git 478
[2021-03-04 15:15:54.369] [exthost] [warning] [Decorations] CAPPING events from decorations provider vscode.git 478
[2021-03-04 15:15:59.433] [exthost] [warning] [Decorations] CAPPING events from decorations provider vscode.git 478
[2021-03-04 15:16:04.504] [exthost] [warning] [Decorations] CAPPING events from decorations provider vscode.git 478
[2021-03-04 15:16:09.573] [exthost] [warning] [Decorations] CAPPING events from decorations provider vscode.git 478
[2021-03-04 15:16:14.647] [exthost] [warning] [Decorations] CAPPING events from decorations provider vscode.git 478
[2021-03-04 15:16:19.718] [exthost] [warning] [Decorations] CAPPING events from decorations provider vscode.git 478
[2021-03-04 15:16:24.782] [exthost] [warning] [Decorations] CAPPING events from decorations provider vscode.git 478
[2021-03-04 15:16:29.862] [exthost] [warning] [Decorations] CAPPING events from decorations provider vscode.git 478
[2021-03-04 15:16:34.933] [exthost] [warning] [Decorations] CAPPING events from decorations provider vscode.git 478
[2021-03-04 15:16:39.997] [exthost] [warning] [Decorations] CAPPING events from decorations provider vscode.git 478
[2021-03-04 15:16:45.068] [exthost] [warning] [Decorations] CAPPING events from decorations provider vscode.git 478
[2021-03-04 15:16:50.145] [exthost] [warning] [Decorations] CAPPING events from decorations provider vscode.git 478
[2021-03-04 15:16:55.247] [exthost] [warning] [Decorations] CAPPING events from decorations provider vscode.git 478
[2021-03-04 15:17:01.975] [exthost] [warning] [Decorations] CAPPING events from decorations provider vscode.git 478
[2021-03-04 15:17:07.043] [exthost] [warning] [Decorations] CAPPING events from decorations provider vscode.git 478
[2021-03-04 15:17:14.242] [exthost] [warning] [Decorations] CAPPING events from decorations provider vscode.git 478
[2021-03-04 15:17:19.318] [exthost] [warning] [Decorations] CAPPING events from decorations provider vscode.git 478
[2021-03-04 15:17:24.388] [exthost] [warning] [Decorations] CAPPING events from decorations provider vscode.git 478
[2021-03-04 15:17:29.494] [exthost] [warning] [Decorations] CAPPING events from decorations provider vscode.git 479
[2021-03-04 15:17:34.566] [exthost] [warning] [Decorations] CAPPING events from decorations provider vscode.git 479
[2021-03-04 15:17:39.642] [exthost] [warning] [Decorations] CAPPING events from decorations provider vscode.git 479
[2021-03-04 15:17:44.707] [exthost] [warning] [Decorations] CAPPING events from decorations provider vscode.git 479
[2021-03-04 15:17:49.775] [exthost] [warning] [Decorations] CAPPING events from decorations provider vscode.git 479
[2021-03-04 15:17:54.846] [exthost] [warning] [Decorations] CAPPING events from decorations provider vscode.git 479
[2021-03-04 15:17:59.923] [exthost] [warning] [Decorations] CAPPING events from decorations provider vscode.git 479
[2021-03-04 15:18:04.990] [exthost] [warning] [Decorations] CAPPING events from decorations provider vscode.git 479
[2021-03-04 15:18:10.053] [exthost] [warning] [Decorations] CAPPING events from decorations provider vscode.git 479
[2021-03-04 15:18:15.160] [exthost] [warning] [Decorations] CAPPING events from decorations provider vscode.git 479
[2021-03-04 15:18:20.236] [exthost] [warning] [Decorations] CAPPING events from decorations provider vscode.git 479
[2021-03-04 15:18:25.343] [exthost] [warning] [Decorations] CAPPING events from decorations provider vscode.git 479
[2021-03-04 15:18:30.448] [exthost] [warning] [Decorations] CAPPING events from decorations provider vscode.git 479
[2021-03-04 15:18:35.552] [exthost] [warning] [Decorations] CAPPING events from decorations provider vscode.git 479
[2021-03-04 15:18:40.622] [exthost] [warning] [Decorations] CAPPING events from decorations provider vscode.git 479
[2021-03-04 15:18:45.724] [exthost] [warning] [Decorations] CAPPING events from decorations provider vscode.git 478
[2021-03-04 15:18:50.831] [exthost] [warning] [Decorations] CAPPING events from decorations provider vscode.git 478
[2021-03-04 15:18:55.895] [exthost] [warning] [Decorations] CAPPING events from decorations provider vscode.git 478
[2021-03-04 15:19:00.967] [exthost] [warning] [Decorations] CAPPING events from decorations provider vscode.git 478
[2021-03-04 15:19:06.037] [exthost] [warning] [Decorations] CAPPING events from decorations provider vscode.git 478
[2021-03-04 15:19:11.140] [exthost] [warning] [Decorations] CAPPING events from decorations provider vscode.git 478
[2021-03-04 15:19:16.214] [exthost] [warning] [Decorations] CAPPING events from decorations provider vscode.git 478
[2021-03-04 15:19:21.279] [exthost] [warning] [Decorations] CAPPING events from decorations provider vscode.git 478
[2021-03-04 15:19:26.390] [exthost] [warning] [Decorations] CAPPING events from decorations provider vscode.git 479
[2021-03-04 15:19:31.460] [exthost] [warning] [Decorations] CAPPING events from decorations provider vscode.git 479
[2021-03-04 15:19:36.523] [exthost] [warning] [Decorations] CAPPING events from decorations provider vscode.git 479
[2021-03-04 15:19:41.592] [exthost] [warning] [Decorations] CAPPING events from decorations provider vscode.git 479
[2021-03-04 15:19:46.658] [exthost] [warning] [Decorations] CAPPING events from decorations provider vscode.git 479
[2021-03-04 15:19:51.762] [exthost] [warning] [Decorations] CAPPING events from decorations provider vscode.git 479
[2021-03-04 15:19:56.829] [exthost] [warning] [Decorations] CAPPING events from decorations provider vscode.git 479
[2021-03-04 15:20:01.909] [exthost] [warning] [Decorations] CAPPING events from decorations provider vscode.git 479
[2021-03-04 15:20:07.016] [exthost] [warning] [Decorations] CAPPING events from decorations provider vscode.git 479
[2021-03-04 15:20:12.080] [exthost] [warning] [Decorations] CAPPING events from decorations provider vscode.git 479
[2021-03-04 15:20:17.152] [exthost] [warning] [Decorations] CAPPING events from decorations provider vscode.git 479
[2021-03-04 15:20:22.228] [exthost] [warning] [Decorations] CAPPING events from decorations provider vscode.git 478
[2021-03-04 15:20:27.299] [exthost] [warning] [Decorations] CAPPING events from decorations provider vscode.git 478
[2021-03-04 15:20:32.365] [exthost] [warning] [Decorations] CAPPING events from decorations provider vscode.git 478
[2021-03-04 15:20:37.438] [exthost] [warning] [Decorations] CAPPING events from decorations provider vscode.git 478
[2021-03-04 15:20:42.507] [exthost] [warning] [Decorations] CAPPING events from decorations provider vscode.git 478
[2021-03-04 15:20:47.582] [exthost] [warning] [Decorations] CAPPING events from decorations provider vscode.git 478
[2021-03-04 15:20:52.648] [exthost] [warning] [Decorations] CAPPING events from decorations provider vscode.git 478
[2021-03-04 15:20:57.751] [exthost] [warning] [Decorations] CAPPING events from decorations provider vscode.git 478
