[2021-03-04 14:48:38.463] [exthost] [info] extension host started
[2021-03-04 14:48:38.481] [exthost] [info] ExtensionService#_doActivateExtension vscode.microsoft-authentication {"startup":false,"extensionId":{"value":"vscode.microsoft-authentication","_lower":"vscode.microsoft-authentication"},"activationEvent":"onAuthenticationRequest:microsoft"}
[2021-03-04 14:48:38.481] [exthost] [info] ExtensionService#loadCommonJSModule file:///usr/share/code/resources/app/extensions/microsoft-authentication/dist/extension.js
[2021-03-04 14:48:38.486] [exthost] [info] ExtensionService#_doActivateExtension vscode.debug-auto-launch {"startup":true,"extensionId":{"value":"vscode.debug-auto-launch","_lower":"vscode.debug-auto-launch"},"activationEvent":"*"}
[2021-03-04 14:48:38.486] [exthost] [info] ExtensionService#loadCommonJSModule file:///usr/share/code/resources/app/extensions/debug-auto-launch/dist/extension
[2021-03-04 14:48:38.487] [exthost] [info] ExtensionService#_doActivateExtension vscode.git {"startup":true,"extensionId":{"value":"vscode.github","_lower":"vscode.github"},"activationEvent":"*"}
[2021-03-04 14:48:38.487] [exthost] [info] ExtensionService#loadCommonJSModule file:///usr/share/code/resources/app/extensions/git/dist/main
[2021-03-04 14:48:38.497] [exthost] [info] ExtensionService#_doActivateExtension ms-toolsai.jupyter {"startup":true,"extensionId":{"value":"ms-iot.vscode-ros","_lower":"ms-iot.vscode-ros"},"activationEvent":"*"}
[2021-03-04 14:48:38.497] [exthost] [info] ExtensionService#loadCommonJSModule file:///root/.vscode/extensions/ms-toolsai.jupyter-2021.2.603412351/out/client/extension
[2021-03-04 14:48:38.551] [exthost] [info] ExtensionService#_doActivateExtension ms-vscode.cpptools {"startup":true,"extensionId":{"value":"ms-iot.vscode-ros","_lower":"ms-iot.vscode-ros"},"activationEvent":"*"}
[2021-03-04 14:48:38.551] [exthost] [info] ExtensionService#loadCommonJSModule file:///root/.vscode/extensions/ms-vscode.cpptools-1.2.2/dist/main
[2021-03-04 14:48:38.751] [exthost] [info] ExtensionService#_doActivateExtension ms-vscode.js-debug {"startup":false,"extensionId":{"value":"ms-vscode.js-debug","_lower":"ms-vscode.js-debug"},"activationEvent":"onCommand:extension.js-debug.clearAutoAttachVariables"}
[2021-03-04 14:48:38.751] [exthost] [info] ExtensionService#loadCommonJSModule file:///usr/share/code/resources/app/extensions/ms-vscode.js-debug/src/extension.js
[2021-03-04 14:48:38.794] [exthost] [info] ExtensionService#_doActivateExtension vscode.github {"startup":false,"extensionId":{"value":"vscode.github","_lower":"vscode.github"},"activationEvent":"*"}
[2021-03-04 14:48:38.794] [exthost] [info] ExtensionService#loadCommonJSModule file:///usr/share/code/resources/app/extensions/github/dist/extension.js
[2021-03-04 14:48:38.796] [exthost] [info] ExtensionService#_doActivateExtension ms-python.python {"startup":true,"extensionId":{"value":"ms-iot.vscode-ros","_lower":"ms-iot.vscode-ros"},"activationEvent":"*"}
[2021-03-04 14:48:38.796] [exthost] [info] ExtensionService#loadCommonJSModule file:///root/.vscode/extensions/ms-python.python-2021.2.582707922/out/client/extension
[2021-03-04 14:48:38.914] [exthost] [info] ExtensionService#_doActivateExtension vscode.github-authentication {"startup":false,"extensionId":{"value":"vscode.github-authentication","_lower":"vscode.github-authentication"},"activationEvent":"onAuthenticationRequest:github"}
[2021-03-04 14:48:38.914] [exthost] [info] ExtensionService#loadCommonJSModule file:///usr/share/code/resources/app/extensions/github-authentication/dist/extension.js
[2021-03-04 14:48:38.918] [exthost] [info] ExtensionService#_doActivateExtension ms-iot.vscode-ros {"startup":true,"extensionId":{"value":"ms-iot.vscode-ros","_lower":"ms-iot.vscode-ros"},"activationEvent":"*"}
[2021-03-04 14:48:38.918] [exthost] [info] ExtensionService#loadCommonJSModule file:///root/.vscode/extensions/ms-iot.vscode-ros-0.6.7/out/src/extension
[2021-03-04 14:48:39.065] [exthost] [info] eager extensions activated
[2021-03-04 14:48:39.080] [exthost] [info] ExtensionService#_doActivateExtension vscode.emmet {"startup":false,"extensionId":{"value":"vscode.emmet","_lower":"vscode.emmet"},"activationEvent":"onStartupFinished"}
[2021-03-04 14:48:39.080] [exthost] [info] ExtensionService#loadCommonJSModule file:///usr/share/code/resources/app/extensions/emmet/dist/node/emmetNodeMain
[2021-03-04 14:48:39.083] [exthost] [info] ExtensionService#_doActivateExtension vscode.merge-conflict {"startup":false,"extensionId":{"value":"vscode.merge-conflict","_lower":"vscode.merge-conflict"},"activationEvent":"onStartupFinished"}
[2021-03-04 14:48:39.083] [exthost] [info] ExtensionService#loadCommonJSModule file:///usr/share/code/resources/app/extensions/merge-conflict/dist/mergeConflictMain
[2021-03-04 14:48:39.085] [exthost] [info] ExtensionService#_doActivateExtension vscode.testing-editor-contributions {"startup":false,"extensionId":{"value":"vscode.testing-editor-contributions","_lower":"vscode.testing-editor-contributions"},"activationEvent":"onStartupFinished"}
[2021-03-04 14:48:39.085] [exthost] [info] ExtensionService#loadCommonJSModule file:///usr/share/code/resources/app/extensions/testing-editor-contributions/dist/extension.js
[2021-03-04 14:48:40.113] [exthost] [info] extension host terminating: received terminate message from renderer
[2021-03-04 14:48:41.134] [exthost] [info] exiting with code 0
